[31-Oct-2019 11:57:41 Europe/Berlin] Array
(
)

[31-Oct-2019 11:58:31 Europe/Berlin] Array
(
    [sex] => 
    [age] => 
    [nationality] => 12
    [heavy] => 14
    [garlic] => 15
    [run] => 17
    [fight] => 19
    [fur] => 21
    [vhs] => 24
    [swim] => 25
    [ginger] => 27
    [dolls] => 29
    [ufo] => 31
    [laugh] => 34
    [user_id] => 17
)

[31-Oct-2019 11:59:33 Europe/Berlin] Array
(
    [sex] => 
    [age] => 
    [nationality] => 
    [heavy] => 
    [garlic] => 
    [run] => 
    [fight] => 
    [fur] => 
    [vhs] => 
    [swim] => 
    [ginger] => 
    [dolls] => 
    [ufo] => 
    [laugh] => 
    [user_id] => 17
)

[31-Oct-2019 12:00:07 Europe/Berlin] Array
(
    [sex] => 
    [age] => 
    [nationality] => 
    [heavy] => 
    [garlic] => 
    [run] => 
    [fight] => 
    [fur] => 
    [vhs] => 
    [swim] => 
    [ginger] => 
    [dolls] => 
    [ufo] => 
    [laugh] => 
    [user_id] => 17
)

[31-Oct-2019 12:01:01 Europe/Berlin] Array
(
    [sex] => 
    [age] => 
    [nationality] => 
    [heavy] => 
    [garlic] => 
    [run] => 
    [fight] => 
    [fur] => 
    [vhs] => 
    [swim] => 
    [ginger] => 
    [dolls] => 
    [ufo] => 
    [laugh] => 
    [user_id] => 17
)

[31-Oct-2019 12:01:14 Europe/Berlin] Array
(
    [sex] => 
    [age] => 
    [nationality] => 
    [heavy] => 
    [garlic] => 
    [run] => 
    [fight] => 
    [fur] => 
    [vhs] => 
    [swim] => 
    [ginger] => 
    [dolls] => 
    [ufo] => 
    [laugh] => 
    [user_id] => 17
)

[31-Oct-2019 12:01:42 Europe/Berlin] Array
(
    [sex] => 
    [age] => 
    [nationality] => 
    [heavy] => 
    [garlic] => 
    [run] => 
    [fight] => 
    [fur] => 
    [vhs] => 
    [swim] => 
    [ginger] => 
    [dolls] => 
    [ufo] => 
    [laugh] => 
    [user_id] => 17
)

[31-Oct-2019 12:02:23 Europe/Berlin] Array
(
    [sex] => 
    [age] => 
    [nationality] => 
    [heavy] => 
    [garlic] => 
    [run] => 
    [fight] => 
    [fur] => 
    [vhs] => 
    [swim] => 
    [ginger] => 
    [dolls] => 
    [ufo] => 
    [laugh] => 
    [user_id] => 17
)

[31-Oct-2019 12:02:54 Europe/Berlin] Array
(
    [sex] => 
    [age] => 
    [nationality] => 
    [heavy] => 
    [garlic] => 
    [run] => 
    [fight] => 
    [fur] => 
    [vhs] => 
    [swim] => 
    [ginger] => 
    [dolls] => 
    [ufo] => 
    [laugh] => 
    [user_id] => 17
)

[31-Oct-2019 12:03:39 Europe/Berlin] Array
(
    [sex] => 
    [age] => 
    [nationality] => 
    [heavy] => 
    [garlic] => 
    [run] => 
    [fight] => 
    [fur] => 
    [vhs] => 
    [swim] => 
    [ginger] => 
    [dolls] => 
    [ufo] => 
    [laugh] => 
    [user_id] => 17
)

[31-Oct-2019 12:04:21 Europe/Berlin] Array
(
    [sex] => 
    [age] => 
    [nationality] => 
    [heavy] => 
    [garlic] => 
    [run] => 
    [fight] => 
    [fur] => 
    [vhs] => 
    [swim] => 
    [ginger] => 
    [dolls] => 
    [ufo] => 
    [laugh] => 
    [user_id] => 17
)

[31-Oct-2019 12:05:37 Europe/Berlin] Array
(
    [sex] => 
    [age] => 
    [nationality] => 
    [heavy] => 
    [garlic] => 
    [run] => 
    [fight] => 
    [fur] => 
    [vhs] => 
    [swim] => 
    [ginger] => 
    [dolls] => 
    [ufo] => 
    [laugh] => 
    [user_id] => 17
)

[31-Oct-2019 12:06:13 Europe/Berlin] Array
(
    [sex] => 
    [age] => 
    [nationality] => 
    [heavy] => 
    [garlic] => 15
    [run] => 17
    [fight] => 19
    [fur] => 21
    [vhs] => 23
    [swim] => 25
    [ginger] => 27
    [dolls] => 29
    [ufo] => 31
    [laugh] => 33
    [user_id] => 17
)

